<?xml version="1.0" encoding="UTF-8"?>
<beans xmlns="http://www.springframework.org/schema/beans"
	xmlns:xsi="http://www.w3.org/2001/XMLSchema-instance" 
	xmlns:context="http://www.springframework.org/schema/context"
	xmlns:mvc="http://www.springframework.org/schema/mvc" 
	xmlns:tx="http://www.springframework.org/schema/tx"
	xsi:schemaLocation="http://www.springframework.org/schema/beans   
    			http://www.springframework.org/schema/beans/spring-beans-3.0.xsd
                http://www.springframework.org/schema/context 
                http://www.springframework.org/schema/context/spring-context-3.0.xsd
                http://www.springframework.org/schema/tx
				http://www.springframework.org/schema/tx/spring-tx-3.0.xsd
                http://www.springframework.org/schema/mvc     
                http://www.springframework.org/schema/mvc/spring-mvc-3.0.xsd">


	<context:component-scan base-package="com.kurumsaljava" />

	<bean id="customerRepository" class="com.kurumsaljava.spring.web.MockitoFactoryBean">
		<constructor-arg name="classToBeMocked"
			value="com.kurumsaljava.spring.dao.CustomerRepository" />
	</bean>
	
	<bean id="carRepository" class="com.kurumsaljava.spring.web.MockitoFactoryBean">
		<constructor-arg name="classToBeMocked"
			value="com.kurumsaljava.spring.dao.CarRepository" />
	</bean>
	
	<bean id="rentalRepository" class="com.kurumsaljava.spring.web.MockitoFactoryBean">
		<constructor-arg name="classToBeMocked"
			value="com.kurumsaljava.spring.dao.RentalRepository" />
	</bean>


</beans>
